<?xml version="1.0" encoding="UTF-8"?>
<!-- Generated by org.testng.reporters.JUnitXMLReporter -->
<testsuite ignored="0" hostname="DESKTOP-OJBKEDR" failures="1" tests="3" name="Login Test" time="7.245" errors="0" timestamp="2019-10-07T20:40:07 CEST">
  <testcase classname="Test.LoginTest" name="goToLoginPage" time="0.02"/>
  <testcase classname="Test.LoginTest" name="verifyLoginPageTitle" time="0.015"/>
  <testcase classname="Test.LoginTest" name="loginUser" time="7.154">
    <failure type="java.lang.NullPointerException">
      <![CDATA[java.lang.NullPointerException
at Test.LoginTest.loginUser(LoginTest.java:47)
at java.base/java.util.ArrayList.forEach(ArrayList.java:1540)
... Removed 27 stack frames]]>
    </failure>
  </testcase> <!-- loginUser -->
</testsuite> <!-- Login Test -->
